info it worked if it ends with ok
verbose cli [ 'node',
verbose cli   '/usr/local/bin/npm',
verbose cli   'install',
verbose cli   'dbox',
verbose cli   '0.1.1' ]
info using npm@1.0.6
info using node@v0.4.8
verbose config file /Users/Me/.npmrc
verbose config file /usr/local/etc/npmrc
silly testEngine { name: 'node-example',
silly testEngine   version: '0.0.1',
silly testEngine   dependencies: { express: '2.2.0', jade: '0.20.0', dbox: '0.2.0' },
silly testEngine   devDependencies: {},
silly testEngine   _id: 'node-example@0.0.1',
silly testEngine   engines: { node: '*' },
silly testEngine   _engineSupported: true,
silly testEngine   _npmVersion: '1.0.6',
silly testEngine   _nodeVersion: 'v0.4.8',
silly testEngine   _defaultsLoaded: true }
verbose caching /Users/Me/Dropbox/Private/github/grabit/package.json
verbose loadDefaults node-example@0.0.1
silly testEngine { name: 'express',
silly testEngine   description: 'Sinatra inspired web development framework',
silly testEngine   version: '2.2.0',
silly testEngine   author: 
silly testEngine    { name: 'TJ Holowaychuk',
silly testEngine      email: 'tj@vision-media.ca' },
silly testEngine   contributors: 
silly testEngine    [ { name: 'TJ Holowaychuk',
silly testEngine        email: 'tj@vision-media.ca' },
silly testEngine      { name: 'Aaron Heckmann',
silly testEngine        email: 'aaron.heckmann+github@gmail.com' },
silly testEngine      { name: 'Ciaran Jessup', email: 'ciaranj@gmail.com' },
silly testEngine      { name: 'Guillermo Rauch', email: 'rauchg@gmail.com' } ],
silly testEngine   dependencies: 
silly testEngine    { connect: '>= 1.2.0 < 2.0.0',
silly testEngine      mime: '>= 0.0.1',
silly testEngine      qs: '>= 0.0.6' },
silly testEngine   keywords: [ 'framework', 'sinatra', 'web', 'rest', 'restful' ],
silly testEngine   repository: 
silly testEngine    { type: 'git',
silly testEngine      url: 'git://github.com/visionmedia/express.git' },
silly testEngine   main: 'index',
silly testEngine   bin: { express: './bin/express' },
silly testEngine   engines: { node: '>= 0.4.1 < 0.5.0' },
silly testEngine   devDependencies: {},
silly testEngine   _id: 'express@2.2.0',
silly testEngine   _engineSupported: true,
silly testEngine   _npmVersion: '1.0.6',
silly testEngine   _nodeVersion: 'v0.4.8',
silly testEngine   _defaultsLoaded: true }
verbose caching /Users/Me/Dropbox/Private/github/grabit/node_modules/express/package.json
verbose loadDefaults express@2.2.0
silly testEngine { name: 'jade',
silly testEngine   description: 'Jade template engine',
silly testEngine   version: '0.20.0',
silly testEngine   author: 
silly testEngine    { name: 'TJ Holowaychuk',
silly testEngine      email: 'tj@vision-media.ca' },
silly testEngine   repository: 
silly testEngine    { type: 'git',
silly testEngine      url: 'git://github.com/visionmedia/jade.git' },
silly testEngine   main: './index.js',
silly testEngine   bin: { jade: './bin/jade' },
silly testEngine   dependencies: { commander: '0.2.x', mkdirp: '>= 0.0.7' },
silly testEngine   devDependencies: 
silly testEngine    { mocha: '*',
silly testEngine      'coffee-script': '>= 0.0.1',
silly testEngine      markdown: '>= 0.0.1',
silly testEngine      stylus: '>= 0.0.1',
silly testEngine      uubench: '0.0.1',
silly testEngine      'uglify-js': '>= 1.0.7' },
silly testEngine   scripts: { prepublish: 'npm prune' },
silly testEngine   engines: { node: '>= 0.1.98' },
silly testEngine   _id: 'jade@0.20.0',
silly testEngine   _engineSupported: true,
silly testEngine   _npmVersion: '1.0.6',
silly testEngine   _nodeVersion: 'v0.4.8',
silly testEngine   _defaultsLoaded: true }
verbose caching /Users/Me/Dropbox/Private/github/grabit/node_modules/jade/package.json
verbose loadDefaults jade@0.20.0
silly testEngine { name: 'nodeunit',
silly testEngine   description: 'Easy unit testing for node.js and the browser.',
silly testEngine   maintainers: 
silly testEngine    [ { name: 'Caolan McMahon',
silly testEngine        url: 'https://github.com/caolan' } ],
silly testEngine   contributors: 
silly testEngine    [ { name: 'Romain Beauxis',
silly testEngine        url: 'https://github.com/toots' },
silly testEngine      { name: 'Alex Gorbatchev',
silly testEngine        url: 'https://github.com/alexgorbatchev' },
silly testEngine      { name: 'Alex Wolfe',
silly testEngine        url: 'https://github.com/alexkwolfe' },
silly testEngine      { name: 'Carl Fürstenberg',
silly testEngine        url: 'https://github.com/azatoth' },
silly testEngine      { name: 'Gerad Suyderhoud',
silly testEngine        url: 'https://github.com/gerad' },
silly testEngine      { name: 'Kadir Pekel',
silly testEngine        url: 'https://github.com/coffeemate' },
silly testEngine      { name: 'Oleg Efimov',
silly testEngine        url: 'https://github.com/Sannis' },
silly testEngine      { name: 'Orlando Vazquez',
silly testEngine        url: 'https://github.com/orlandov' },
silly testEngine      { name: 'Ryan Dahl', url: 'https://github.com/ry' },
silly testEngine      { name: 'Sam Stephenson',
silly testEngine        url: 'https://github.com/sstephenson' },
silly testEngine      { name: 'Thomas Mayfield',
silly testEngine        url: 'https://github.com/thegreatape' },
silly testEngine      { name: 'Elijah Insua',
silly testEngine        email: 'tmpvar@gmail.com',
silly testEngine        url: 'http://tmpvar.com' } ],
silly testEngine   version: '0.6.4',
silly testEngine   repository: 
silly testEngine    { type: 'git',
silly testEngine      url: 'git://github.com/caolan/nodeunit.git' },
silly testEngine   devDependencies: { 'uglify-js': '>=1.1.0' },
silly testEngine   bugs: { url: 'http://github.com/caolan/nodeunit/issues' },
silly testEngine   licenses: 
silly testEngine    [ { type: 'MIT',
silly testEngine        url: 'http://github.com/caolan/nodeunit/raw/master/LICENSE' } ],
silly testEngine   directories: { lib: './lib', doc: './doc', man: './man1' },
silly testEngine   bin: { nodeunit: './bin/nodeunit' },
silly testEngine   dependencies: { 'tap-assert': '>=0.0.9', 'tap-producer': '>=0.0.1' },
silly testEngine   _id: 'nodeunit@0.6.4',
silly testEngine   engines: { node: '*' },
silly testEngine   _engineSupported: true,
silly testEngine   _npmVersion: '1.0.6',
silly testEngine   _nodeVersion: 'v0.4.8',
silly testEngine   _defaultsLoaded: true,
silly testEngine   man: [ 'man1/nodeunit.1' ] }
verbose caching /Users/Me/Dropbox/Private/github/grabit/node_modules/nodeunit/package.json
verbose loadDefaults nodeunit@0.6.4
verbose from cache /Users/Me/Dropbox/Private/github/grabit/package.json
verbose into /Users/Me/Dropbox/Private/github/grabit [ 'dbox', '0.1.1' ]
verbose cache add [ 'dbox@0.2.0', null ]
info addNamed [ 'dbox', '0.2.0' ]
verbose addNamed [ '0.2.0', '0.2.0' ]
verbose cache add [ '0.1.1', null ]
info addNamed [ '0.1.1', '' ]
verbose addNamed [ null, '' ]
verbose GET 0.1.1
verbose raw, before any munging 0.1.1
verbose url resolving [ 'http://registry.npmjs.org/', './0.1.1' ]
verbose url resolved http://registry.npmjs.org/0.1.1
verbose url parsed { protocol: 'http:',
verbose url parsed   slashes: true,
verbose url parsed   host: 'registry.npmjs.org',
verbose url parsed   hostname: 'registry.npmjs.org',
verbose url parsed   href: 'http://registry.npmjs.org/0.1.1',
verbose url parsed   pathname: '/0.1.1' }
verbose GET dbox/0.2.0
verbose raw, before any munging dbox/0.2.0
verbose url resolving [ 'http://registry.npmjs.org/', './dbox/0.2.0' ]
verbose url resolved http://registry.npmjs.org/dbox/0.2.0
verbose url parsed { protocol: 'http:',
verbose url parsed   slashes: true,
verbose url parsed   host: 'registry.npmjs.org',
verbose url parsed   hostname: 'registry.npmjs.org',
verbose url parsed   href: 'http://registry.npmjs.org/dbox/0.2.0',
verbose url parsed   pathname: '/dbox/0.2.0' }
verbose etag "B47LMLZS8UTK3V4UIGYY2SCYO"
verbose response http://registry.npmjs.org/dbox/0.2.0
silly get cb [ 304,
silly get cb   { server: 'CouchDB/1.1.0 (Erlang OTP/R14B04)',
silly get cb     etag: '"B47LMLZS8UTK3V4UIGYY2SCYO"',
silly get cb     date: 'Mon, 02 Jan 2012 14:49:18 GMT',
silly get cb     'content-length': '0' } ]
verbose etag dbox/0.2.0 from cache
verbose bin dist [ '0.4-ares1.7.4-ev4.4-openssl0.9.8l-v83.1.8.16-darwin-11.2.0',
verbose bin dist   { shasum: '72d8c17e02f71b0796fdc815a4c21c2031f3b561',
verbose bin dist     tarball: 'http://registry.npmjs.org/dbox/-/dbox-0.2.0.tgz' } ]
verbose response http://registry.npmjs.org/0.1.1
silly chunk {"error":"not_found","reason":"document not found"}
silly chunk 
silly get cb [ 404,
silly get cb   { server: 'CouchDB/1.1.0 (Erlang OTP/R14B04)',
silly get cb     date: 'Mon, 02 Jan 2012 14:49:18 GMT',
silly get cb     'content-type': 'application/json',
silly get cb     'content-length': '52',
silly get cb     'cache-control': 'must-revalidate' } ]
ERR! 404 '0.1.1' is not in the npm registry.
ERR! 404 You should bug the author to publish it.
ERR! 404 Note that you can also install from a tarball or folder.
ERR! 
ERR! System Darwin 11.2.0
ERR! command "node" "/usr/local/bin/npm" "install" "dbox" "0.1.1"
verbose exit [ 1, true ]
